@0 GITREV=6fa1d2e77d85620a5a65599a2cbed8a986df5378, GITCLEAN=1
@0 Create from size nx=10 ny=5
@0 dimX=10, dimY=5
@0 Invocation key is: simCF501DEC8DE726E516327E7072DEAB77
@0 Plan key is: plan0918C3AD538B57FAE1223931B4E879C0
@0 SimTraceCtf, flags:  wavelets=0 landing=1 inst=1 switch_positions=0 stalls=1
@0 Architecture is: FYN
@0 Simtile is: hwtile
@19515 Stopping.
@19515 Simulation used 1.39 real seconds, 2.80 user seconds, 1.64 system seconds, and ran at 14024.96 cyc/sec 1121996.64 tile-cyc/sec with 5 threads, at 224399.33 tile-cyc/sec/thread , 701247.90 activetile-cyc/sec and  140249.58 activetile-cyc/sec/thread is. Initialization took 0.23 sec.
@19515 CTF Stats: num_stalls_       =        87993
@19515 CTF Stats: num_wavelets      =         9055
@19515 CTF Stats: num_inst_dispatch =       115526
@19515 CTF Stats: num_inst_pipe     =       227492
@19515 CTF Stats: num_switch_pos    =            0
@0 GITREV=6fa1d2e77d85620a5a65599a2cbed8a986df5378, GITCLEAN=1
@0 Create from size nx=11 ny=6
@0 dimX=11, dimY=6
@0 Invocation key is: simF591B7290C08872FAFF06D4015D5B717
@0 Plan key is: plan6D31F69F925AC4B84F7522069C0DA04E
@0 SimTraceCtf, flags:  wavelets=0 landing=1 inst=1 switch_positions=0 stalls=1
@0 Architecture is: FYN
@0 Simtile is: hwtile
@655685 Stopping due to signal 2 (Interrupt)
@0 GITREV=6fa1d2e77d85620a5a65599a2cbed8a986df5378, GITCLEAN=1
@0 Create from size nx=10 ny=5
@0 dimX=10, dimY=5
@0 Invocation key is: sim59726E941DE1500A1F90C155BA658A99
@0 Plan key is: plan0918C3AD538B57FAE1223931B4E879C0
@0 SimTraceCtf, flags:  wavelets=0 landing=1 inst=1 switch_positions=0 stalls=1
@0 Architecture is: FYN
@0 Simtile is: hwtile
@19748 Stopping.
@19748 Simulation used 1.31 real seconds, 2.49 user seconds, 1.67 system seconds, and ran at 15034.95 cyc/sec 1202795.96 tile-cyc/sec with 5 threads, at 240559.19 tile-cyc/sec/thread , 751747.47 activetile-cyc/sec and  150349.49 activetile-cyc/sec/thread is. Initialization took 0.35 sec.
@19748 CTF Stats: num_stalls_       =        87931
@19748 CTF Stats: num_wavelets      =         9055
@19748 CTF Stats: num_inst_dispatch =       115525
@19748 CTF Stats: num_inst_pipe     =       227491
@19748 CTF Stats: num_switch_pos    =            0
