@0 GITREV=6fa1d2e77d85620a5a65599a2cbed8a986df5378, GITCLEAN=1
@0 Create from size nx=10 ny=8
@0 dimX=10, dimY=8
@0 Invocation key is: sim0E71E559D01B252526226F3A41AA58B6
@0 Plan key is: plan68B67E71B8FA62A5320DDFA5199888A4
@0 SimTraceCtf, flags:  wavelets=0 landing=1 inst=1 switch_positions=0 stalls=1
@0 Architecture is: FYN
@0 Simtile is: hwtile
@10549 Stopping.
@0 GITREV=6fa1d2e77d85620a5a65599a2cbed8a986df5378, GITCLEAN=1
@0 Create from size nx=10 ny=8
@0 dimX=10, dimY=8
@0 Invocation key is: sim4FB701534268D1D614C888E5FCC71B3C
@0 Plan key is: plan68B67E71B8FA62A5320DDFA5199888A4
@0 SimTraceCtf, flags:  wavelets=0 landing=1 inst=1 switch_positions=0 stalls=1
@0 Architecture is: FYN
@0 Simtile is: hwtile
@10205 Stopping.
@0 GITREV=6fa1d2e77d85620a5a65599a2cbed8a986df5378, GITCLEAN=1
@0 Create from size nx=9 ny=4
@0 dimX=9, dimY=4
@0 Invocation key is: sim9E5DD7ACA97B4147E9507FEF5565ABA8
@0 Plan key is: plan751CA0A40C0AE5E6545924AB8DBAA4E1
@0 SimTraceCtf, flags:  wavelets=0 landing=1 inst=1 switch_positions=0 stalls=1
@0 Architecture is: FYN
@0 Simtile is: hwtile
@10002 Stopping.
@0 GITREV=6fa1d2e77d85620a5a65599a2cbed8a986df5378, GITCLEAN=1
@0 Create from size nx=12 ny=7
@0 dimX=12, dimY=7
@0 Invocation key is: sim323F93C1C2C574C4161E420D17A7768F
@0 Plan key is: plan615F01E097C5AA958CFD0BCBAA68AE69
@0 SimTraceCtf, flags:  wavelets=0 landing=1 inst=1 switch_positions=0 stalls=1
@0 Architecture is: FYN
@0 Simtile is: hwtile
@9021 Stopping.
@0 GITREV=6fa1d2e77d85620a5a65599a2cbed8a986df5378, GITCLEAN=1
@0 Create from size nx=12 ny=7
@0 dimX=12, dimY=7
@0 Invocation key is: sim0444EDDF3D91A8C890BF1B72BF51583E
@0 Plan key is: plan615F01E097C5AA958CFD0BCBAA68AE69
@0 SimTraceCtf, flags:  wavelets=0 landing=1 inst=1 switch_positions=0 stalls=1
@0 Architecture is: FYN
@0 Simtile is: hwtile
@9026 Stopping.
@0 GITREV=6fa1d2e77d85620a5a65599a2cbed8a986df5378, GITCLEAN=1
@0 Create from size nx=10 ny=4
@0 dimX=10, dimY=4
@0 Invocation key is: simC60A9716067F1DED0FE1A12F7052EDFC
@0 Plan key is: planA7855BE7F75B7388C17B3BC169A50850
@0 SimTraceCtf, flags:  wavelets=0 landing=1 inst=1 switch_positions=0 stalls=1
@0 Architecture is: FYN
@0 Simtile is: hwtile
@7159 Stopping.
@0 GITREV=6fa1d2e77d85620a5a65599a2cbed8a986df5378, GITCLEAN=1
@0 Create from size nx=9 ny=4
@0 dimX=9, dimY=4
@0 Invocation key is: sim3D2485DADAFFEFFB6FFD2EE2C40FB266
@0 Plan key is: plan751CA0A40C0AE5E6545924AB8DBAA4E1
@0 SimTraceCtf, flags:  wavelets=0 landing=1 inst=1 switch_positions=0 stalls=1
@0 Architecture is: FYN
@0 Simtile is: hwtile
@11161 Stopping.
@0 GITREV=6fa1d2e77d85620a5a65599a2cbed8a986df5378, GITCLEAN=1
@0 Create from size nx=9 ny=4
@0 dimX=9, dimY=4
@0 Invocation key is: sim5CDFCAF3730EE8F5C75E053425D6BEC2
@0 Plan key is: plan751CA0A40C0AE5E6545924AB8DBAA4E1
@0 SimTraceCtf, flags:  wavelets=0 landing=1 inst=1 switch_positions=0 stalls=1
@0 Architecture is: FYN
@0 Simtile is: hwtile
@19087 Stopping.
@0 GITREV=6fa1d2e77d85620a5a65599a2cbed8a986df5378, GITCLEAN=1
@0 Create from size nx=10 ny=4
@0 dimX=10, dimY=4
@0 Invocation key is: simCB3D48269C19329667CD5E0795E56955
@0 Plan key is: planA7855BE7F75B7388C17B3BC169A50850
@0 SimTraceCtf, flags:  wavelets=0 landing=1 inst=1 switch_positions=0 stalls=1
@0 Architecture is: FYN
@0 Simtile is: hwtile
@15359 Stopping.
@0 GITREV=6fa1d2e77d85620a5a65599a2cbed8a986df5378, GITCLEAN=1
@0 Create from size nx=10 ny=4
@0 dimX=10, dimY=4
@0 Invocation key is: sim4AB027A005A1CA143F8D3FE602428932
@0 Plan key is: planA7855BE7F75B7388C17B3BC169A50850
@0 SimTraceCtf, flags:  wavelets=0 landing=1 inst=1 switch_positions=0 stalls=1
@0 Architecture is: FYN
@0 Simtile is: hwtile
@13955 Stopping.
@0 GITREV=6fa1d2e77d85620a5a65599a2cbed8a986df5378, GITCLEAN=1
@0 Create from size nx=10 ny=4
@0 dimX=10, dimY=4
@0 Invocation key is: sim43D87DE0216BB99EB51EB20C7DF8B6CE
@0 Plan key is: planA7855BE7F75B7388C17B3BC169A50850
@0 SimTraceCtf, flags:  wavelets=0 landing=1 inst=1 switch_positions=0 stalls=1
@0 Architecture is: FYN
@0 Simtile is: hwtile
@13264 Stopping.
@0 GITREV=6fa1d2e77d85620a5a65599a2cbed8a986df5378, GITCLEAN=1
@0 Create from size nx=10 ny=4
@0 dimX=10, dimY=4
@0 Invocation key is: sim547F188AF1ACABD5F58FDECB2CC5DD74
@0 Plan key is: planA7855BE7F75B7388C17B3BC169A50850
@0 SimTraceCtf, flags:  wavelets=0 landing=1 inst=1 switch_positions=0 stalls=1
@0 Architecture is: FYN
@0 Simtile is: hwtile
@13278 Stopping.
@0 GITREV=6fa1d2e77d85620a5a65599a2cbed8a986df5378, GITCLEAN=1
@0 Create from size nx=10 ny=4
@0 dimX=10, dimY=4
@0 Invocation key is: sim6DE4BB8C530C90387E2EEC24EB4AC045
@0 Plan key is: planA7855BE7F75B7388C17B3BC169A50850
@0 SimTraceCtf, flags:  wavelets=0 landing=1 inst=1 switch_positions=0 stalls=1
@0 Architecture is: FYN
@0 Simtile is: hwtile
@13638 Stopping.
@0 GITREV=6fa1d2e77d85620a5a65599a2cbed8a986df5378, GITCLEAN=1
@0 Create from size nx=10 ny=4
@0 dimX=10, dimY=4
@0 Invocation key is: sim4D703C74036DB83128C52C6FB6343E1C
@0 Plan key is: planA7855BE7F75B7388C17B3BC169A50850
@0 SimTraceCtf, flags:  wavelets=0 landing=1 inst=1 switch_positions=0 stalls=1
@0 Architecture is: FYN
@0 Simtile is: hwtile
@13350 Stopping.
@0 GITREV=6fa1d2e77d85620a5a65599a2cbed8a986df5378, GITCLEAN=1
@0 Create from size nx=9 ny=5
@0 dimX=9, dimY=5
@0 Invocation key is: sim7AF55BC24FB0D294F4240508E099C5CF
@0 Plan key is: planB8C122CB8EA4CAB54A20FAA80E45BE02
@0 SimTraceCtf, flags:  wavelets=0 landing=1 inst=1 switch_positions=0 stalls=1
@0 Architecture is: FYN
@0 Simtile is: hwtile
@9961 Stopping.
@0 GITREV=6fa1d2e77d85620a5a65599a2cbed8a986df5378, GITCLEAN=1
@0 Create from size nx=11 ny=6
@0 dimX=11, dimY=6
@0 Invocation key is: sim21960FC80FBBE9911E30D1B513BE92F3
@0 Plan key is: plan6D31F69F925AC4B84F7522069C0DA04E
@0 SimTraceCtf, flags:  wavelets=0 landing=1 inst=1 switch_positions=0 stalls=1
@0 Architecture is: FYN
@0 Simtile is: hwtile
@15673 Stopping.
@0 GITREV=6fa1d2e77d85620a5a65599a2cbed8a986df5378, GITCLEAN=1
@0 Create from size nx=9 ny=6
@0 dimX=9, dimY=6
@0 Invocation key is: sim052244FA895A20846725B6C8D3427DDD
@0 Plan key is: plan22B652E45F696AA36DF2AA58B50891F4
@0 SimTraceCtf, flags:  wavelets=0 landing=1 inst=1 switch_positions=0 stalls=1
@0 Architecture is: FYN
@0 Simtile is: hwtile
@20688 Stopping.
@0 GITREV=6fa1d2e77d85620a5a65599a2cbed8a986df5378, GITCLEAN=1
@0 Create from size nx=11 ny=4
@0 dimX=11, dimY=4
@0 Invocation key is: sim38FD7BC46AA1A73614244F05518E6404
@0 Plan key is: plan3C54674951632AB694E547B8CC7DC559
@0 SimTraceCtf, flags:  wavelets=0 landing=1 inst=1 switch_positions=0 stalls=1
@0 Architecture is: FYN
@0 Simtile is: hwtile
@45206 Stopping.
