@0 GITREV=8658c57f04a2c534da37c54d38dad783bf59d1f4, GITCLEAN=1
@0 Create from size nx=3 ny=3
@0 dimX=3, dimY=3
@0 Invocation key is: sim44483B246CC4023144B9F848D3F5B3B7
@0 Plan key is: plan812E72DC90B126745E4C4317EE299AEB
@0 Architecture is: FYN
@0 Simtile is: hwtile
@329 No data movement in the last 50 cycles; stopping.
@329 Thread  0
@329 	internal: cur=3783258, tot=3783258, perCyc=  11499.26
@329 	external: cur=3517956, tot=3517956, perCyc=  10692.88
@329 Thread  1
@329 	internal: cur=6388560, tot=6388560, perCyc=  19418.12
@329 	external: cur=5748174, tot=5748174, perCyc=  17471.65
@329 Thread  2
@329 	internal: cur=3911238, tot=3911238, perCyc=  11888.26
@329 	external: cur=2645424, tot=2645424, perCyc=   8040.80
@329 Thread  3
@329 	internal: cur=4428036, tot=4428036, perCyc=  13459.08
@329 	external: cur=4113234, tot=4113234, perCyc=  12502.23
@329 Thread  4
@329 	internal: cur=1330488, tot=1330488, perCyc=   4044.04
@329 	external: cur=1146564, tot=1146564, perCyc=   3485.00
@329 Simulation used 0.05 real seconds, 0.04 user seconds, 0.01 system seconds, and ran at 6538.14 cyc/sec 137300.87 tile-cyc/sec with 5 threads, at 27460.17 tile-cyc/sec/thread , 58843.23 activetile-cyc/sec and  11768.65 activetile-cyc/sec/thread is. Initialization took 2.05 sec.
@0 GITREV=6fa1d2e77d85620a5a65599a2cbed8a986df5378, GITCLEAN=1
@0 Create from size nx=3 ny=3
@0 dimX=3, dimY=3
@0 Invocation key is: simEF4B77F49161EE35D5A5EAB46934C1E1
@0 Plan key is: plan812E72DC90B126745E4C4317EE299AEB
@0 SimTraceCtf, flags:  wavelets=0 landing=1 inst=1 switch_positions=0 stalls=1
@0 Architecture is: FYN
@0 Simtile is: hwtile
@328 No data movement in the last 50 cycles; stopping.
@328 Thread  0
@328 	internal: cur=11433870, tot=11433870, perCyc=  34859.36
@328 	external: cur=11024964, tot=11024964, perCyc=  33612.70
@328 Thread  1
@328 	internal: cur=9129474, tot=9129474, perCyc=  27833.76
@328 	external: cur=8472060, tot=8472060, perCyc=  25829.45
@328 Thread  2
@328 	internal: cur=3354480, tot=3354480, perCyc=  10227.07
@328 	external: cur=2973834, tot=2973834, perCyc=   9066.57
@328 Thread  3
@328 	internal: cur=2160630, tot=2160630, perCyc=   6587.29
@328 	external: cur=1856592, tot=1856592, perCyc=   5660.34
@328 Thread  4
@328 	internal: cur=3401604, tot=3401604, perCyc=  10370.74
@328 	external: cur=2984886, tot=2984886, perCyc=   9100.26
@328 Simulation used 0.03 real seconds, 0.02 user seconds, 0.01 system seconds, and ran at 10774.59 cyc/sec 226266.35 tile-cyc/sec with 5 threads, at 45253.27 tile-cyc/sec/thread , 96971.29 activetile-cyc/sec and  19394.26 activetile-cyc/sec/thread is. Initialization took 2.10 sec.
@328 CTF Stats: num_stalls_       =          136
@328 CTF Stats: num_wavelets      =           10
@328 CTF Stats: num_inst_dispatch =          316
@328 CTF Stats: num_inst_pipe     =          636
@328 CTF Stats: num_switch_pos    =            0
@0 GITREV=6fa1d2e77d85620a5a65599a2cbed8a986df5378, GITCLEAN=1
@0 Create from size nx=3 ny=3
@0 dimX=3, dimY=3
@0 Invocation key is: simCAFC410D3210AFF30F90E3AA5FCAC796
@0 Plan key is: plan812E72DC90B126745E4C4317EE299AEB
@0 SimTraceCtf, flags:  wavelets=0 landing=1 inst=1 switch_positions=0 stalls=1
@0 Architecture is: FYN
@0 Simtile is: hwtile
@328 No data movement in the last 50 cycles; stopping.
@328 Thread  0
@328 	internal: cur=2610504, tot=2610504, perCyc=   7958.85
@328 	external: cur=2355444, tot=2355444, perCyc=   7181.23
@328 Thread  1
@328 	internal: cur=7358580, tot=7358580, perCyc=  22434.70
@328 	external: cur=7232202, tot=7232202, perCyc=  22049.40
@328 Thread  2
@328 	internal: cur=4128336, tot=4128336, perCyc=  12586.39
@328 	external: cur=3527100, tot=3527100, perCyc=  10753.35
@328 Thread  3
@328 	internal: cur=4222980, tot=4222980, perCyc=  12874.94
@328 	external: cur=3607596, tot=3607596, perCyc=  10998.77
@328 Thread  4
@328 	internal: cur=7369218, tot=7369218, perCyc=  22467.13
@328 	external: cur=7045344, tot=7045344, perCyc=  21479.71
@328 Simulation used 0.03 real seconds, 0.01 user seconds, 0.01 system seconds, and ran at 12371.35 cyc/sec 259798.44 tile-cyc/sec with 5 threads, at 51959.69 tile-cyc/sec/thread , 111342.19 activetile-cyc/sec and  22268.44 activetile-cyc/sec/thread is. Initialization took 2.08 sec.
@328 CTF Stats: num_stalls_       =          136
@328 CTF Stats: num_wavelets      =           10
@328 CTF Stats: num_inst_dispatch =          316
@328 CTF Stats: num_inst_pipe     =          636
@328 CTF Stats: num_switch_pos    =            0
@0 GITREV=6fa1d2e77d85620a5a65599a2cbed8a986df5378, GITCLEAN=1
@0 Create from size nx=3 ny=3
@0 dimX=3, dimY=3
@0 Invocation key is: sim2522898AB2375A16C2EAE34DD7163551
@0 Plan key is: plan812E72DC90B126745E4C4317EE299AEB
@0 SimTraceCtf, flags:  wavelets=0 landing=1 inst=1 switch_positions=0 stalls=1
@0 Architecture is: FYN
@0 Simtile is: hwtile
@328 No data movement in the last 50 cycles; stopping.
@328 Thread  0
@328 	internal: cur=8954496, tot=8954496, perCyc=  27300.29
@328 	external: cur=8011836, tot=8011836, perCyc=  24426.33
@328 Thread  1
@328 	internal: cur=7525026, tot=7525026, perCyc=  22942.15
@328 	external: cur=7141842, tot=7141842, perCyc=  21773.91
@328 Thread  2
@328 	internal: cur=1903806, tot=1903806, perCyc=   5804.29
@328 	external: cur=1649808, tot=1649808, perCyc=   5029.90
@328 Thread  3
@328 	internal: cur=3543822, tot=3543822, perCyc=  10804.34
@328 	external: cur=2976552, tot=2976552, perCyc=   9074.85
@328 Thread  4
@328 	internal: cur=2057742, tot=2057742, perCyc=   6273.60
@328 	external: cur=1827396, tot=1827396, perCyc=   5571.33
@328 Simulation used 0.03 real seconds, 0.00 user seconds, 0.03 system seconds, and ran at 12329.89 cyc/sec 258927.61 tile-cyc/sec with 5 threads, at 51785.52 tile-cyc/sec/thread , 110968.98 activetile-cyc/sec and  22193.80 activetile-cyc/sec/thread is. Initialization took 2.05 sec.
@328 CTF Stats: num_stalls_       =          136
@328 CTF Stats: num_wavelets      =           10
@328 CTF Stats: num_inst_dispatch =          316
@328 CTF Stats: num_inst_pipe     =          636
@328 CTF Stats: num_switch_pos    =            0
@0 GITREV=6fa1d2e77d85620a5a65599a2cbed8a986df5378, GITCLEAN=1
@0 Create from size nx=3 ny=3
@0 dimX=3, dimY=3
@0 Invocation key is: simFA13D9D3095A11CFC824F4BED2B4F76D
@0 Plan key is: plan812E72DC90B126745E4C4317EE299AEB
@0 SimTraceCtf, flags:  wavelets=0 landing=1 inst=1 switch_positions=0 stalls=1
@0 Architecture is: FYN
@0 Simtile is: hwtile
@328 No data movement in the last 50 cycles; stopping.
@328 Thread  0
@328 	internal: cur=4144374, tot=4144374, perCyc=  12635.29
@328 	external: cur=3629772, tot=3629772, perCyc=  11066.38
@328 Thread  1
@328 	internal: cur=3667770, tot=3667770, perCyc=  11182.23
@328 	external: cur=3253176, tot=3253176, perCyc=   9918.22
@328 Thread  2
@328 	internal: cur=11326374, tot=11326374, perCyc=  34531.63
@328 	external: cur=10931346, tot=10931346, perCyc=  33327.27
@328 Thread  3
@328 	internal: cur=3209544, tot=3209544, perCyc=   9785.20
@328 	external: cur=2796174, tot=2796174, perCyc=   8524.92
@328 Thread  4
@328 	internal: cur=3599388, tot=3599388, perCyc=  10973.74
@328 	external: cur=3207888, tot=3207888, perCyc=   9780.15
@328 Simulation used 0.03 real seconds, 0.00 user seconds, 0.03 system seconds, and ran at 12266.23 cyc/sec 257590.91 tile-cyc/sec with 5 threads, at 51518.18 tile-cyc/sec/thread , 110396.10 activetile-cyc/sec and  22079.22 activetile-cyc/sec/thread is. Initialization took 2.11 sec.
@328 CTF Stats: num_stalls_       =          136
@328 CTF Stats: num_wavelets      =           10
@328 CTF Stats: num_inst_dispatch =          316
@328 CTF Stats: num_inst_pipe     =          636
@328 CTF Stats: num_switch_pos    =            0
@0 GITREV=6fa1d2e77d85620a5a65599a2cbed8a986df5378, GITCLEAN=1
@0 Create from size nx=3 ny=3
@0 dimX=3, dimY=3
@0 Invocation key is: sim86FE160C5429D4525489812D5DC569FC
@0 Plan key is: plan812E72DC90B126745E4C4317EE299AEB
@0 SimTraceCtf, flags:  wavelets=0 landing=1 inst=1 switch_positions=0 stalls=1
@0 Architecture is: FYN
@0 Simtile is: hwtile
@328 No data movement in the last 50 cycles; stopping.
@328 Thread  0
@328 	internal: cur=3143052, tot=3143052, perCyc=   9582.48
@328 	external: cur=2637468, tot=2637468, perCyc=   8041.06
@328 Thread  1
@328 	internal: cur=2394126, tot=2394126, perCyc=   7299.16
@328 	external: cur=2087550, tot=2087550, perCyc=   6364.48
@328 Thread  2
@328 	internal: cur=12900060, tot=12900060, perCyc=  39329.45
@328 	external: cur=12030246, tot=12030246, perCyc=  36677.58
@328 Thread  3
@328 	internal: cur=4505670, tot=4505670, perCyc=  13736.80
@328 	external: cur=4012146, tot=4012146, perCyc=  12232.15
@328 Thread  4
@328 	internal: cur=1815336, tot=1815336, perCyc=   5534.56
@328 	external: cur=1609938, tot=1609938, perCyc=   4908.35
@328 Simulation used 0.03 real seconds, 0.02 user seconds, 0.01 system seconds, and ran at 12915.00 cyc/sec 271215.02 tile-cyc/sec with 5 threads, at 54243.00 tile-cyc/sec/thread , 116235.01 activetile-cyc/sec and  23247.00 activetile-cyc/sec/thread is. Initialization took 2.08 sec.
@328 CTF Stats: num_stalls_       =          136
@328 CTF Stats: num_wavelets      =           10
@328 CTF Stats: num_inst_dispatch =          316
@328 CTF Stats: num_inst_pipe     =          636
@328 CTF Stats: num_switch_pos    =            0
@0 GITREV=6fa1d2e77d85620a5a65599a2cbed8a986df5378, GITCLEAN=1
@0 Create from size nx=3 ny=3
@0 dimX=3, dimY=3
@0 Invocation key is: sim7E612BC24C4B3114703B807B4BCC413E
@0 Plan key is: plan812E72DC90B126745E4C4317EE299AEB
@0 SimTraceCtf, flags:  wavelets=0 landing=1 inst=1 switch_positions=0 stalls=1
@0 Architecture is: FYN
@0 Simtile is: hwtile
@328 No data movement in the last 50 cycles; stopping.
@328 Thread  0
@328 	internal: cur=1853316, tot=1853316, perCyc=   5650.35
@328 	external: cur=1601784, tot=1601784, perCyc=   4883.49
@328 Thread  1
@328 	internal: cur=3429090, tot=3429090, perCyc=  10454.54
@328 	external: cur=3027978, tot=3027978, perCyc=   9231.64
@328 Thread  2
@328 	internal: cur=9305334, tot=9305334, perCyc=  28369.92
@328 	external: cur=8939790, tot=8939790, perCyc=  27255.46
@328 Thread  3
@328 	internal: cur=8314020, tot=8314020, perCyc=  25347.62
@328 	external: cur=7728066, tot=7728066, perCyc=  23561.18
@328 Thread  4
@328 	internal: cur=3926754, tot=3926754, perCyc=  11971.81
@328 	external: cur=3397590, tot=3397590, perCyc=  10358.51
@328 Simulation used 0.02 real seconds, 0.01 user seconds, 0.02 system seconds, and ran at 13231.12 cyc/sec 277853.43 tile-cyc/sec with 5 threads, at 55570.69 tile-cyc/sec/thread , 119080.04 activetile-cyc/sec and  23816.01 activetile-cyc/sec/thread is. Initialization took 2.08 sec.
@328 CTF Stats: num_stalls_       =          136
@328 CTF Stats: num_wavelets      =           10
@328 CTF Stats: num_inst_dispatch =          316
@328 CTF Stats: num_inst_pipe     =          636
@328 CTF Stats: num_switch_pos    =            0
@0 GITREV=6fa1d2e77d85620a5a65599a2cbed8a986df5378, GITCLEAN=1
@0 Create from size nx=3 ny=3
@0 dimX=3, dimY=3
@0 Invocation key is: sim49ED1213251FF1D3D070964E495F1184
@0 Plan key is: plan812E72DC90B126745E4C4317EE299AEB
@0 SimTraceCtf, flags:  wavelets=0 landing=1 inst=1 switch_positions=0 stalls=1
@0 Architecture is: FYN
@0 Simtile is: hwtile
@328 No data movement in the last 50 cycles; stopping.
@328 Thread  0
@328 	internal: cur=5960844, tot=5960844, perCyc=  18173.30
@328 	external: cur=5620608, tot=5620608, perCyc=  17136.00
@328 Thread  1
@328 	internal: cur=10584180, tot=10584180, perCyc=  32268.84
@328 	external: cur=9917082, tot=9917082, perCyc=  30235.01
@328 Thread  2
@328 	internal: cur=1416006, tot=1416006, perCyc=   4317.09
@328 	external: cur=1236546, tot=1236546, perCyc=   3769.96
@328 Thread  3
@328 	internal: cur=1454346, tot=1454346, perCyc=   4433.98
@328 	external: cur=1256850, tot=1256850, perCyc=   3831.86
@328 Thread  4
@328 	internal: cur=2737224, tot=2737224, perCyc=   8345.20
@328 	external: cur=2421882, tot=2421882, perCyc=   7383.79
@328 Simulation used 0.02 real seconds, 0.01 user seconds, 0.01 system seconds, and ran at 16058.69 cyc/sec 337232.44 tile-cyc/sec with 5 threads, at 67446.49 tile-cyc/sec/thread , 144528.19 activetile-cyc/sec and  28905.64 activetile-cyc/sec/thread is. Initialization took 2.14 sec.
@328 CTF Stats: num_stalls_       =          136
@328 CTF Stats: num_wavelets      =           10
@328 CTF Stats: num_inst_dispatch =          316
@328 CTF Stats: num_inst_pipe     =          636
@328 CTF Stats: num_switch_pos    =            0
@0 GITREV=6fa1d2e77d85620a5a65599a2cbed8a986df5378, GITCLEAN=1
@0 Create from size nx=3 ny=3
@0 dimX=3, dimY=3
@0 Invocation key is: sim5BAD4709CB3403E213CFD806051D119A
@0 Plan key is: plan812E72DC90B126745E4C4317EE299AEB
@0 SimTraceCtf, flags:  wavelets=0 landing=1 inst=1 switch_positions=0 stalls=1
@0 Architecture is: FYN
@0 Simtile is: hwtile
@328 No data movement in the last 50 cycles; stopping.
@328 Thread  0
@328 	internal: cur=11722032, tot=11722032, perCyc=  35737.90
@328 	external: cur=11396844, tot=11396844, perCyc=  34746.48
@328 Thread  1
@328 	internal: cur=1853676, tot=1853676, perCyc=   5651.45
@328 	external: cur=1609650, tot=1609650, perCyc=   4907.47
@328 Thread  2
@328 	internal: cur=2563326, tot=2563326, perCyc=   7815.02
@328 	external: cur=2263212, tot=2263212, perCyc=   6900.04
@328 Thread  3
@328 	internal: cur=4136022, tot=4136022, perCyc=  12609.82
@328 	external: cur=3532914, tot=3532914, perCyc=  10771.08
@328 Thread  4
@328 	internal: cur=5048892, tot=5048892, perCyc=  15392.96
@328 	external: cur=4428072, tot=4428072, perCyc=  13500.22
@328 Simulation used 0.03 real seconds, 0.01 user seconds, 0.02 system seconds, and ran at 12087.76 cyc/sec 253842.88 tile-cyc/sec with 5 threads, at 50768.58 tile-cyc/sec/thread , 108789.81 activetile-cyc/sec and  21757.96 activetile-cyc/sec/thread is. Initialization took 2.09 sec.
@328 CTF Stats: num_stalls_       =          136
@328 CTF Stats: num_wavelets      =           10
@328 CTF Stats: num_inst_dispatch =          316
@328 CTF Stats: num_inst_pipe     =          636
@328 CTF Stats: num_switch_pos    =            0
@0 GITREV=6fa1d2e77d85620a5a65599a2cbed8a986df5378, GITCLEAN=1
@0 Create from size nx=3 ny=3
@0 dimX=3, dimY=3
@0 Invocation key is: sim97690DB95A43776F9D05ABF71D6F3C02
@0 Plan key is: plan812E72DC90B126745E4C4317EE299AEB
@0 SimTraceCtf, flags:  wavelets=0 landing=1 inst=1 switch_positions=0 stalls=1
@0 Architecture is: FYN
@0 Simtile is: hwtile
@328 No data movement in the last 50 cycles; stopping.
@328 Thread  0
@328 	internal: cur=1498572, tot=1498572, perCyc=   4568.82
@328 	external: cur=1267578, tot=1267578, perCyc=   3864.57
@328 Thread  1
@328 	internal: cur=4531716, tot=4531716, perCyc=  13816.21
@328 	external: cur=3904938, tot=3904938, perCyc=  11905.30
@328 Thread  2
@328 	internal: cur=8057286, tot=8057286, perCyc=  24564.90
@328 	external: cur=7703676, tot=7703676, perCyc=  23486.82
@328 Thread  3
@328 	internal: cur=6279156, tot=6279156, perCyc=  19143.77
@328 	external: cur=5877504, tot=5877504, perCyc=  17919.22
@328 Thread  4
@328 	internal: cur=4922136, tot=4922136, perCyc=  15006.51
@328 	external: cur=4120272, tot=4120272, perCyc=  12561.80
@328 Simulation used 0.03 real seconds, 0.01 user seconds, 0.02 system seconds, and ran at 13033.93 cyc/sec 273712.61 tile-cyc/sec with 5 threads, at 54742.52 tile-cyc/sec/thread , 117305.40 activetile-cyc/sec and  23461.08 activetile-cyc/sec/thread is. Initialization took 2.07 sec.
@328 CTF Stats: num_stalls_       =          136
@328 CTF Stats: num_wavelets      =           10
@328 CTF Stats: num_inst_dispatch =          316
@328 CTF Stats: num_inst_pipe     =          636
@328 CTF Stats: num_switch_pos    =            0
@0 GITREV=6fa1d2e77d85620a5a65599a2cbed8a986df5378, GITCLEAN=1
@0 Create from size nx=3 ny=3
@0 dimX=3, dimY=3
@0 Invocation key is: simCA760DB6E29507C6B71CD1D5FF2F7A63
@0 Plan key is: plan812E72DC90B126745E4C4317EE299AEB
@0 SimTraceCtf, flags:  wavelets=0 landing=1 inst=1 switch_positions=0 stalls=1
@0 Architecture is: FYN
@0 Simtile is: hwtile
@328 No data movement in the last 50 cycles; stopping.
@328 Thread  0
@328 	internal: cur=8301870, tot=8301870, perCyc=  25310.58
@328 	external: cur=7392690, tot=7392690, perCyc=  22538.69
@328 Thread  1
@328 	internal: cur=3936528, tot=3936528, perCyc=  12001.61
@328 	external: cur=3430404, tot=3430404, perCyc=  10458.55
@328 Thread  2
@328 	internal: cur=2371716, tot=2371716, perCyc=   7230.84
@328 	external: cur=2056266, tot=2056266, perCyc=   6269.10
@328 Thread  3
@328 	internal: cur=6849864, tot=6849864, perCyc=  20883.73
@328 	external: cur=6557004, tot=6557004, perCyc=  19990.87
@328 Thread  4
@328 	internal: cur=2085174, tot=2085174, perCyc=   6357.24
@328 	external: cur=1831302, tot=1831302, perCyc=   5583.24
@328 Simulation used 0.03 real seconds, 0.00 user seconds, 0.03 system seconds, and ran at 12829.97 cyc/sec 269429.31 tile-cyc/sec with 5 threads, at 53885.86 tile-cyc/sec/thread , 115469.70 activetile-cyc/sec and  23093.94 activetile-cyc/sec/thread is. Initialization took 2.08 sec.
@328 CTF Stats: num_stalls_       =          136
@328 CTF Stats: num_wavelets      =           10
@328 CTF Stats: num_inst_dispatch =          316
@328 CTF Stats: num_inst_pipe     =          636
@328 CTF Stats: num_switch_pos    =            0
@0 GITREV=6fa1d2e77d85620a5a65599a2cbed8a986df5378, GITCLEAN=1
@0 Create from size nx=3 ny=3
@0 dimX=3, dimY=3
@0 Invocation key is: simFE8511A7D67FA9014A70F36CFB0A5D87
@0 Plan key is: plan812E72DC90B126745E4C4317EE299AEB
@0 SimTraceCtf, flags:  wavelets=0 landing=1 inst=1 switch_positions=0 stalls=1
@0 Architecture is: FYN
@0 Simtile is: hwtile
@328 No data movement in the last 50 cycles; stopping.
@328 Thread  0
@328 	internal: cur=4942224, tot=4942224, perCyc=  15067.76
@328 	external: cur=4195224, tot=4195224, perCyc=  12790.32
@328 Thread  1
@328 	internal: cur=2169864, tot=2169864, perCyc=   6615.44
@328 	external: cur=1922274, tot=1922274, perCyc=   5860.59
@328 Thread  2
@328 	internal: cur=1580562, tot=1580562, perCyc=   4818.79
@328 	external: cur=1312632, tot=1312632, perCyc=   4001.93
@328 Thread  3
@328 	internal: cur=8267544, tot=8267544, perCyc=  25205.93
@328 	external: cur=7760196, tot=7760196, perCyc=  23659.13
@328 Thread  4
@328 	internal: cur=9589014, tot=9589014, perCyc=  29234.80
@328 	external: cur=8694090, tot=8694090, perCyc=  26506.37
@328 Simulation used 0.03 real seconds, 0.01 user seconds, 0.02 system seconds, and ran at 11629.08 cyc/sec 244210.67 tile-cyc/sec with 5 threads, at 48842.13 tile-cyc/sec/thread , 104661.71 activetile-cyc/sec and  20932.34 activetile-cyc/sec/thread is. Initialization took 2.05 sec.
@328 CTF Stats: num_stalls_       =          136
@328 CTF Stats: num_wavelets      =           10
@328 CTF Stats: num_inst_dispatch =          316
@328 CTF Stats: num_inst_pipe     =          636
@328 CTF Stats: num_switch_pos    =            0
@0 GITREV=6fa1d2e77d85620a5a65599a2cbed8a986df5378, GITCLEAN=1
@0 Create from size nx=3 ny=3
@0 dimX=3, dimY=3
@0 Invocation key is: simDFD7A4A71E0B050867DE54EA69EEBD7B
@0 Plan key is: plan812E72DC90B126745E4C4317EE299AEB
@0 SimTraceCtf, flags:  wavelets=0 landing=1 inst=1 switch_positions=0 stalls=1
@0 Architecture is: FYN
@0 Simtile is: hwtile
@328 No data movement in the last 50 cycles; stopping.
@328 Thread  0
@328 	internal: cur=8017578, tot=8017578, perCyc=  24443.84
@328 	external: cur=7532028, tot=7532028, perCyc=  22963.50
@328 Thread  1
@328 	internal: cur=2139084, tot=2139084, perCyc=   6521.60
@328 	external: cur=1864638, tot=1864638, perCyc=   5684.87
@328 Thread  2
@328 	internal: cur=4234068, tot=4234068, perCyc=  12908.74
@328 	external: cur=4035366, tot=4035366, perCyc=  12302.95
@328 Thread  3
@328 	internal: cur=4876092, tot=4876092, perCyc=  14866.13
@328 	external: cur=4267422, tot=4267422, perCyc=  13010.43
@328 Thread  4
@328 	internal: cur=2088414, tot=2088414, perCyc=   6367.12
@328 	external: cur=1849248, tot=1849248, perCyc=   5637.95
@328 Simulation used 0.02 real seconds, 0.00 user seconds, 0.03 system seconds, and ran at 15698.97 cyc/sec 329678.27 tile-cyc/sec with 5 threads, at 65935.65 tile-cyc/sec/thread , 141290.69 activetile-cyc/sec and  28258.14 activetile-cyc/sec/thread is. Initialization took 2.06 sec.
@328 CTF Stats: num_stalls_       =          136
@328 CTF Stats: num_wavelets      =           10
@328 CTF Stats: num_inst_dispatch =          316
@328 CTF Stats: num_inst_pipe     =          636
@328 CTF Stats: num_switch_pos    =            0
@0 GITREV=6fa1d2e77d85620a5a65599a2cbed8a986df5378, GITCLEAN=1
@0 Create from size nx=3 ny=3
@0 dimX=3, dimY=3
@0 Invocation key is: simD44CFDC6A9C0D7FD78552A359C91222A
@0 Plan key is: plan812E72DC90B126745E4C4317EE299AEB
@0 SimTraceCtf, flags:  wavelets=0 landing=1 inst=1 switch_positions=0 stalls=1
@0 Architecture is: FYN
@0 Simtile is: hwtile
@328 No data movement in the last 50 cycles; stopping.
@328 Thread  0
@328 	internal: cur=7757280, tot=7757280, perCyc=  23650.24
@328 	external: cur=7335486, tot=7335486, perCyc=  22364.29
@328 Thread  1
@328 	internal: cur=9065934, tot=9065934, perCyc=  27640.04
@328 	external: cur=8611560, tot=8611560, perCyc=  26254.76
@328 Thread  2
@328 	internal: cur=2773548, tot=2773548, perCyc=   8455.94
@328 	external: cur=2428344, tot=2428344, perCyc=   7403.49
@328 Thread  3
@328 	internal: cur=3486600, tot=3486600, perCyc=  10629.88
@328 	external: cur=3038598, tot=3038598, perCyc=   9264.02
@328 Thread  4
@328 	internal: cur=3309138, tot=3309138, perCyc=  10088.84
@328 	external: cur=2737170, tot=2737170, perCyc=   8345.03
@328 Simulation used 0.03 real seconds, 0.02 user seconds, 0.01 system seconds, and ran at 12132.85 cyc/sec 254789.85 tile-cyc/sec with 5 threads, at 50957.97 tile-cyc/sec/thread , 109195.65 activetile-cyc/sec and  21839.13 activetile-cyc/sec/thread is. Initialization took 2.10 sec.
@328 CTF Stats: num_stalls_       =          136
@328 CTF Stats: num_wavelets      =           10
@328 CTF Stats: num_inst_dispatch =          316
@328 CTF Stats: num_inst_pipe     =          636
@328 CTF Stats: num_switch_pos    =            0
@0 GITREV=6fa1d2e77d85620a5a65599a2cbed8a986df5378, GITCLEAN=1
@0 Create from size nx=3 ny=3
@0 dimX=3, dimY=3
@0 Invocation key is: simA5EE754C960CA37BD2870A5078629165
@0 Plan key is: plan812E72DC90B126745E4C4317EE299AEB
@0 SimTraceCtf, flags:  wavelets=0 landing=1 inst=1 switch_positions=0 stalls=1
@0 Architecture is: FYN
@0 Simtile is: hwtile
@328 No data movement in the last 50 cycles; stopping.
@328 Thread  0
@328 	internal: cur=681156, tot=681156, perCyc=   2076.70
@328 	external: cur=557118, tot=557118, perCyc=   1698.53
@328 Thread  1
@328 	internal: cur=4829904, tot=4829904, perCyc=  14725.32
@328 	external: cur=4358286, tot=4358286, perCyc=  13287.46
@328 Thread  2
@328 	internal: cur=6223752, tot=6223752, perCyc=  18974.85
@328 	external: cur=5951430, tot=5951430, perCyc=  18144.60
@328 Thread  3
@328 	internal: cur=5396238, tot=5396238, perCyc=  16451.95
@328 	external: cur=4658886, tot=4658886, perCyc=  14203.92
@328 Thread  4
@328 	internal: cur=4918500, tot=4918500, perCyc=  14995.43
@328 	external: cur=4259142, tot=4259142, perCyc=  12985.19
@328 Simulation used 0.02 real seconds, 0.02 user seconds, 0.01 system seconds, and ran at 13122.08 cyc/sec 275563.62 tile-cyc/sec with 5 threads, at 55112.72 tile-cyc/sec/thread , 118098.70 activetile-cyc/sec and  23619.74 activetile-cyc/sec/thread is. Initialization took 2.10 sec.
@328 CTF Stats: num_stalls_       =          136
@328 CTF Stats: num_wavelets      =           10
@328 CTF Stats: num_inst_dispatch =          316
@328 CTF Stats: num_inst_pipe     =          636
@328 CTF Stats: num_switch_pos    =            0
@0 GITREV=6fa1d2e77d85620a5a65599a2cbed8a986df5378, GITCLEAN=1
@0 Create from size nx=3 ny=3
@0 dimX=3, dimY=3
@0 Invocation key is: simBEB2D0226C867EF3F6A9D0FF64D0AFFC
@0 Plan key is: plan812E72DC90B126745E4C4317EE299AEB
@0 SimTraceCtf, flags:  wavelets=0 landing=1 inst=1 switch_positions=0 stalls=1
@0 Architecture is: FYN
@0 Simtile is: hwtile
@328 No data movement in the last 50 cycles; stopping.
@328 Thread  0
@328 	internal: cur=2330262, tot=2330262, perCyc=   7104.46
@328 	external: cur=2036412, tot=2036412, perCyc=   6208.57
@328 Thread  1
@328 	internal: cur=1173726, tot=1173726, perCyc=   3578.43
@328 	external: cur=973098, tot=973098, perCyc=   2966.76
@328 Thread  2
@328 	internal: cur=14991912, tot=14991912, perCyc=  45707.05
@328 	external: cur=14568858, tot=14568858, perCyc=  44417.25
@328 Thread  3
@328 	internal: cur=4971762, tot=4971762, perCyc=  15157.81
@328 	external: cur=4323654, tot=4323654, perCyc=  13181.87
@328 Thread  4
@328 	internal: cur=4655952, tot=4655952, perCyc=  14194.98
@328 	external: cur=4024548, tot=4024548, perCyc=  12269.96
@328 Simulation used 0.03 real seconds, 0.02 user seconds, 0.01 system seconds, and ran at 9742.18 cyc/sec 204585.71 tile-cyc/sec with 5 threads, at 40917.14 tile-cyc/sec/thread , 87679.59 activetile-cyc/sec and  17535.92 activetile-cyc/sec/thread is. Initialization took 2.10 sec.
@328 CTF Stats: num_stalls_       =          136
@328 CTF Stats: num_wavelets      =           10
@328 CTF Stats: num_inst_dispatch =          316
@328 CTF Stats: num_inst_pipe     =          636
@328 CTF Stats: num_switch_pos    =            0
@0 GITREV=6fa1d2e77d85620a5a65599a2cbed8a986df5378, GITCLEAN=1
@0 Create from size nx=3 ny=3
@0 dimX=3, dimY=3
@0 Invocation key is: sim01CB4A4F97766087B460D6E7D2923A6E
@0 Plan key is: plan812E72DC90B126745E4C4317EE299AEB
@0 SimTraceCtf, flags:  wavelets=0 landing=1 inst=1 switch_positions=0 stalls=1
@0 Architecture is: FYN
@0 Simtile is: hwtile
@328 No data movement in the last 50 cycles; stopping.
@328 Thread  0
@328 	internal: cur=3414006, tot=3414006, perCyc=  10408.55
@328 	external: cur=2848698, tot=2848698, perCyc=   8685.05
@328 Thread  1
@328 	internal: cur=6819228, tot=6819228, perCyc=  20790.33
@328 	external: cur=6592500, tot=6592500, perCyc=  20099.09
@328 Thread  2
@328 	internal: cur=792360, tot=792360, perCyc=   2415.73
@328 	external: cur=703602, tot=703602, perCyc=   2145.13
@328 Thread  3
@328 	internal: cur=9014490, tot=9014490, perCyc=  27483.20
@328 	external: cur=8551152, tot=8551152, perCyc=  26070.59
@328 Thread  4
@328 	internal: cur=3350520, tot=3350520, perCyc=  10215.00
@328 	external: cur=2842686, tot=2842686, perCyc=   8666.73
@328 Simulation used 0.02 real seconds, 0.01 user seconds, 0.02 system seconds, and ran at 13868.40 cyc/sec 291236.46 tile-cyc/sec with 5 threads, at 58247.29 tile-cyc/sec/thread , 124815.63 activetile-cyc/sec and  24963.13 activetile-cyc/sec/thread is. Initialization took 2.10 sec.
@328 CTF Stats: num_stalls_       =          136
@328 CTF Stats: num_wavelets      =           10
@328 CTF Stats: num_inst_dispatch =          316
@328 CTF Stats: num_inst_pipe     =          636
@328 CTF Stats: num_switch_pos    =            0
@0 GITREV=6fa1d2e77d85620a5a65599a2cbed8a986df5378, GITCLEAN=1
@0 Create from size nx=3 ny=3
@0 dimX=3, dimY=3
@0 Invocation key is: simC5EE9FF2835AFB941A501EC40A3B0379
@0 Plan key is: plan812E72DC90B126745E4C4317EE299AEB
@0 SimTraceCtf, flags:  wavelets=0 landing=1 inst=1 switch_positions=0 stalls=1
@0 Architecture is: FYN
@0 Simtile is: hwtile
@328 No data movement in the last 50 cycles; stopping.
@328 Thread  0
@328 	internal: cur=2748510, tot=2748510, perCyc=   8379.60
@328 	external: cur=2419092, tot=2419092, perCyc=   7375.28
@328 Thread  1
@328 	internal: cur=1581426, tot=1581426, perCyc=   4821.42
@328 	external: cur=1323414, tot=1323414, perCyc=   4034.80
@328 Thread  2
@328 	internal: cur=7303086, tot=7303086, perCyc=  22265.51
@328 	external: cur=6264360, tot=6264360, perCyc=  19098.66
@328 Thread  3
@328 	internal: cur=14527872, tot=14527872, perCyc=  44292.29
@328 	external: cur=13893318, tot=13893318, perCyc=  42357.68
@328 Thread  4
@328 	internal: cur=3190122, tot=3190122, perCyc=   9725.98
@328 	external: cur=2767104, tot=2767104, perCyc=   8436.29
@328 Simulation used 0.03 real seconds, 0.02 user seconds, 0.02 system seconds, and ran at 10452.54 cyc/sec 219503.30 tile-cyc/sec with 5 threads, at 43900.66 tile-cyc/sec/thread , 94072.84 activetile-cyc/sec and  18814.57 activetile-cyc/sec/thread is. Initialization took 2.11 sec.
@328 CTF Stats: num_stalls_       =          136
@328 CTF Stats: num_wavelets      =           10
@328 CTF Stats: num_inst_dispatch =          316
@328 CTF Stats: num_inst_pipe     =          636
@328 CTF Stats: num_switch_pos    =            0
@0 GITREV=6fa1d2e77d85620a5a65599a2cbed8a986df5378, GITCLEAN=1
@0 Create from size nx=3 ny=3
@0 dimX=3, dimY=3
@0 Invocation key is: simA2B091F37D55AAB63565FD1C7EA0C7B2
@0 Plan key is: plan812E72DC90B126745E4C4317EE299AEB
@0 SimTraceCtf, flags:  wavelets=0 landing=1 inst=1 switch_positions=0 stalls=1
@0 Architecture is: FYN
@0 Simtile is: hwtile
@328 No data movement in the last 50 cycles; stopping.
@328 Thread  0
@328 	internal: cur=8024112, tot=8024112, perCyc=  24463.76
@328 	external: cur=7586442, tot=7586442, perCyc=  23129.40
@328 Thread  1
@328 	internal: cur=2864322, tot=2864322, perCyc=   8732.69
@328 	external: cur=2480040, tot=2480040, perCyc=   7561.10
@328 Thread  2
@328 	internal: cur=4080978, tot=4080978, perCyc=  12442.01
@328 	external: cur=3605202, tot=3605202, perCyc=  10991.47
@328 Thread  3
@328 	internal: cur=2602458, tot=2602458, perCyc=   7934.32
@328 	external: cur=2248650, tot=2248650, perCyc=   6855.64
@328 Thread  4
@328 	internal: cur=8682732, tot=8682732, perCyc=  26471.74
@328 	external: cur=8036442, tot=8036442, perCyc=  24501.35
@328 Simulation used 0.03 real seconds, 0.02 user seconds, 0.01 system seconds, and ran at 10085.20 cyc/sec 211789.12 tile-cyc/sec with 5 threads, at 42357.82 tile-cyc/sec/thread , 90766.77 activetile-cyc/sec and  18153.35 activetile-cyc/sec/thread is. Initialization took 2.04 sec.
@328 CTF Stats: num_stalls_       =          136
@328 CTF Stats: num_wavelets      =           10
@328 CTF Stats: num_inst_dispatch =          316
@328 CTF Stats: num_inst_pipe     =          636
@328 CTF Stats: num_switch_pos    =            0
@0 GITREV=6fa1d2e77d85620a5a65599a2cbed8a986df5378, GITCLEAN=1
@0 Create from size nx=3 ny=3
@0 dimX=3, dimY=3
@0 Invocation key is: sim0DE39A16361687560E598FA8E7F0826B
@0 Plan key is: plan812E72DC90B126745E4C4317EE299AEB
@0 SimTraceCtf, flags:  wavelets=0 landing=1 inst=1 switch_positions=0 stalls=1
@0 Architecture is: FYN
@0 Simtile is: hwtile
@328 No data movement in the last 50 cycles; stopping.
@328 Thread  0
@328 	internal: cur=9307674, tot=9307674, perCyc=  28377.05
@328 	external: cur=8604900, tot=8604900, perCyc=  26234.45
@328 Thread  1
@328 	internal: cur=758196, tot=758196, perCyc=   2311.57
@328 	external: cur=661842, tot=661842, perCyc=   2017.81
@328 Thread  2
@328 	internal: cur=1383228, tot=1383228, perCyc=   4217.16
@328 	external: cur=1222290, tot=1222290, perCyc=   3726.49
@328 Thread  3
@328 	internal: cur=5282712, tot=5282712, perCyc=  16105.83
@328 	external: cur=4527090, tot=4527090, perCyc=  13802.10
@328 Thread  4
@328 	internal: cur=4686552, tot=4686552, perCyc=  14288.27
@328 	external: cur=4453740, tot=4453740, perCyc=  13578.48
@328 Simulation used 0.02 real seconds, 0.01 user seconds, 0.01 system seconds, and ran at 14085.80 cyc/sec 295801.76 tile-cyc/sec with 5 threads, at 59160.35 tile-cyc/sec/thread , 126772.18 activetile-cyc/sec and  25354.44 activetile-cyc/sec/thread is. Initialization took 2.02 sec.
@328 CTF Stats: num_stalls_       =          136
@328 CTF Stats: num_wavelets      =           10
@328 CTF Stats: num_inst_dispatch =          316
@328 CTF Stats: num_inst_pipe     =          636
@328 CTF Stats: num_switch_pos    =            0
@0 GITREV=6fa1d2e77d85620a5a65599a2cbed8a986df5378, GITCLEAN=1
@0 Create from size nx=3 ny=3
@0 dimX=3, dimY=3
@0 Invocation key is: simBEEF0856D72D59105770B8AD4F8E1A54
@0 Plan key is: plan812E72DC90B126745E4C4317EE299AEB
@0 SimTraceCtf, flags:  wavelets=0 landing=1 inst=1 switch_positions=0 stalls=1
@0 Architecture is: FYN
@0 Simtile is: hwtile
@328 No data movement in the last 50 cycles; stopping.
@328 Thread  0
@328 	internal: cur=9683748, tot=9683748, perCyc=  29523.62
@328 	external: cur=8912214, tot=8912214, perCyc=  27171.38
@328 Thread  1
@328 	internal: cur=4577724, tot=4577724, perCyc=  13956.48
@328 	external: cur=3912426, tot=3912426, perCyc=  11928.13
@328 Thread  2
@328 	internal: cur=10008468, tot=10008468, perCyc=  30513.62
@328 	external: cur=9605898, tot=9605898, perCyc=  29286.27
@328 Thread  3
@328 	internal: cur=3153024, tot=3153024, perCyc=   9612.88
@328 	external: cur=2773116, tot=2773116, perCyc=   8454.62
@328 Thread  4
@328 	internal: cur=2200266, tot=2200266, perCyc=   6708.13
@328 	external: cur=1790910, tot=1790910, perCyc=   5460.09
@328 Simulation used 0.03 real seconds, 0.01 user seconds, 0.02 system seconds, and ran at 10278.62 cyc/sec 215851.04 tile-cyc/sec with 5 threads, at 43170.21 tile-cyc/sec/thread , 92507.59 activetile-cyc/sec and  18501.52 activetile-cyc/sec/thread is. Initialization took 2.08 sec.
@328 CTF Stats: num_stalls_       =          136
@328 CTF Stats: num_wavelets      =           10
@328 CTF Stats: num_inst_dispatch =          314
@328 CTF Stats: num_inst_pipe     =          632
@328 CTF Stats: num_switch_pos    =            0
@0 GITREV=6fa1d2e77d85620a5a65599a2cbed8a986df5378, GITCLEAN=1
@0 Create from size nx=3 ny=3
@0 dimX=3, dimY=3
@0 Invocation key is: sim6BB9D13073DE83269A170A3D17F2ED0B
@0 Plan key is: plan812E72DC90B126745E4C4317EE299AEB
@0 SimTraceCtf, flags:  wavelets=0 landing=1 inst=1 switch_positions=0 stalls=1
@0 Architecture is: FYN
@0 Simtile is: hwtile
@328 No data movement in the last 50 cycles; stopping.
@328 Thread  0
@328 	internal: cur=7209720, tot=7209720, perCyc=  21980.85
@328 	external: cur=6716286, tot=6716286, perCyc=  20476.48
@328 Thread  1
@328 	internal: cur=2956752, tot=2956752, perCyc=   9014.49
@328 	external: cur=2553570, tot=2553570, perCyc=   7785.27
@328 Thread  2
@328 	internal: cur=11852568, tot=11852568, perCyc=  36135.88
@328 	external: cur=11335320, tot=11335320, perCyc=  34558.90
@328 Thread  3
@328 	internal: cur=3522906, tot=3522906, perCyc=  10740.57
@328 	external: cur=3089178, tot=3089178, perCyc=   9418.23
@328 Thread  4
@328 	internal: cur=3043350, tot=3043350, perCyc=   9278.51
@328 	external: cur=2679048, tot=2679048, perCyc=   8167.83
@328 Simulation used 0.04 real seconds, 0.02 user seconds, 0.02 system seconds, and ran at 8372.02 cyc/sec 175812.36 tile-cyc/sec with 5 threads, at 35162.47 tile-cyc/sec/thread , 75348.15 activetile-cyc/sec and  15069.63 activetile-cyc/sec/thread is. Initialization took 2.07 sec.
@328 CTF Stats: num_stalls_       =          136
@328 CTF Stats: num_wavelets      =           10
@328 CTF Stats: num_inst_dispatch =          314
@328 CTF Stats: num_inst_pipe     =          632
@328 CTF Stats: num_switch_pos    =            0
@0 GITREV=6fa1d2e77d85620a5a65599a2cbed8a986df5378, GITCLEAN=1
@0 Create from size nx=3 ny=3
@0 dimX=3, dimY=3
@0 Invocation key is: simF58DDF4047CA37D979FA6D2D903F1B20
@0 Plan key is: plan812E72DC90B126745E4C4317EE299AEB
@0 SimTraceCtf, flags:  wavelets=0 landing=1 inst=1 switch_positions=0 stalls=1
@0 Architecture is: FYN
@0 Simtile is: hwtile
@328 No data movement in the last 50 cycles; stopping.
@328 Thread  0
@328 	internal: cur=2365830, tot=2365830, perCyc=   7212.90
@328 	external: cur=2015964, tot=2015964, perCyc=   6146.23
@328 Thread  1
@328 	internal: cur=3991302, tot=3991302, perCyc=  12168.60
@328 	external: cur=3515454, tot=3515454, perCyc=  10717.85
@328 Thread  2
@328 	internal: cur=10858824, tot=10858824, perCyc=  33106.17
@328 	external: cur=10008828, tot=10008828, perCyc=  30514.72
@328 Thread  3
@328 	internal: cur=6186132, tot=6186132, perCyc=  18860.16
@328 	external: cur=5917572, tot=5917572, perCyc=  18041.38
@328 Thread  4
@328 	internal: cur=3753972, tot=3753972, perCyc=  11445.04
@328 	external: cur=3204396, tot=3204396, perCyc=   9769.50
@328 Simulation used 0.03 real seconds, 0.01 user seconds, 0.02 system seconds, and ran at 9491.86 cyc/sec 199329.13 tile-cyc/sec with 5 threads, at 39865.83 tile-cyc/sec/thread , 85426.77 activetile-cyc/sec and  17085.35 activetile-cyc/sec/thread is. Initialization took 2.06 sec.
@328 CTF Stats: num_stalls_       =          136
@328 CTF Stats: num_wavelets      =           10
@328 CTF Stats: num_inst_dispatch =          314
@328 CTF Stats: num_inst_pipe     =          632
@328 CTF Stats: num_switch_pos    =            0
@0 GITREV=6fa1d2e77d85620a5a65599a2cbed8a986df5378, GITCLEAN=1
@0 Create from size nx=3 ny=3
@0 dimX=3, dimY=3
@0 Invocation key is: simA785F3631F4C04AE24D3E6EF8A602387
@0 Plan key is: plan812E72DC90B126745E4C4317EE299AEB
@0 SimTraceCtf, flags:  wavelets=0 landing=1 inst=1 switch_positions=0 stalls=1
@0 Architecture is: FYN
@0 Simtile is: hwtile
@328 No data movement in the last 50 cycles; stopping.
@328 Thread  0
@328 	internal: cur=4899690, tot=4899690, perCyc=  14938.08
@328 	external: cur=4286700, tot=4286700, perCyc=  13069.21
@328 Thread  1
@328 	internal: cur=7667964, tot=7667964, perCyc=  23377.94
@328 	external: cur=6920316, tot=6920316, perCyc=  21098.52
@328 Thread  2
@328 	internal: cur=2787336, tot=2787336, perCyc=   8497.98
@328 	external: cur=2467854, tot=2467854, perCyc=   7523.95
@328 Thread  3
@328 	internal: cur=10369512, tot=10369512, perCyc=  31614.37
@328 	external: cur=9948294, tot=9948294, perCyc=  30330.16
@328 Thread  4
@328 	internal: cur=4086828, tot=4086828, perCyc=  12459.84
@328 	external: cur=3449898, tot=3449898, perCyc=  10517.98
@328 Simulation used 0.04 real seconds, 0.02 user seconds, 0.02 system seconds, and ran at 8866.76 cyc/sec 186202.05 tile-cyc/sec with 5 threads, at 37240.41 tile-cyc/sec/thread , 79800.88 activetile-cyc/sec and  15960.18 activetile-cyc/sec/thread is. Initialization took 2.10 sec.
@328 CTF Stats: num_stalls_       =          136
@328 CTF Stats: num_wavelets      =           10
@328 CTF Stats: num_inst_dispatch =          316
@328 CTF Stats: num_inst_pipe     =          636
@328 CTF Stats: num_switch_pos    =            0
@0 GITREV=6fa1d2e77d85620a5a65599a2cbed8a986df5378, GITCLEAN=1
@0 Create from size nx=3 ny=3
@0 dimX=3, dimY=3
@0 Invocation key is: sim5322A09015E272B5F023F7219A03A8A9
@0 Plan key is: plan812E72DC90B126745E4C4317EE299AEB
@0 SimTraceCtf, flags:  wavelets=0 landing=1 inst=1 switch_positions=0 stalls=1
@0 Architecture is: FYN
@0 Simtile is: hwtile
@328 No data movement in the last 50 cycles; stopping.
@328 Thread  0
@328 	internal: cur=2039508, tot=2039508, perCyc=   6218.01
@328 	external: cur=1776888, tot=1776888, perCyc=   5417.34
@328 Thread  1
@328 	internal: cur=4419612, tot=4419612, perCyc=  13474.43
@328 	external: cur=3984660, tot=3984660, perCyc=  12148.35
@328 Thread  2
@328 	internal: cur=11674044, tot=11674044, perCyc=  35591.60
@328 	external: cur=11252160, tot=11252160, perCyc=  34305.37
@328 Thread  3
@328 	internal: cur=1280502, tot=1280502, perCyc=   3903.97
@328 	external: cur=1092042, tot=1092042, perCyc=   3329.40
@328 Thread  4
@328 	internal: cur=6352938, tot=6352938, perCyc=  19368.71
@328 	external: cur=5778234, tot=5778234, perCyc=  17616.57
@328 Simulation used 0.02 real seconds, 0.01 user seconds, 0.02 system seconds, and ran at 13963.98 cyc/sec 293243.67 tile-cyc/sec with 5 threads, at 58648.73 tile-cyc/sec/thread , 125675.86 activetile-cyc/sec and  25135.17 activetile-cyc/sec/thread is. Initialization took 2.08 sec.
@328 CTF Stats: num_stalls_       =          136
@328 CTF Stats: num_wavelets      =           10
@328 CTF Stats: num_inst_dispatch =          316
@328 CTF Stats: num_inst_pipe     =          636
@328 CTF Stats: num_switch_pos    =            0
@0 GITREV=6fa1d2e77d85620a5a65599a2cbed8a986df5378, GITCLEAN=1
@0 Create from size nx=3 ny=3
@0 dimX=3, dimY=3
@0 Invocation key is: simABAD52EA30C0A4648316BE5D6F5D194C
@0 Plan key is: plan812E72DC90B126745E4C4317EE299AEB
@0 SimTraceCtf, flags:  wavelets=0 landing=1 inst=1 switch_positions=0 stalls=1
@0 Architecture is: FYN
@0 Simtile is: hwtile
@328 No data movement in the last 50 cycles; stopping.
@328 Thread  0
@328 	internal: cur=10014336, tot=10014336, perCyc=  30531.51
@328 	external: cur=9153108, tot=9153108, perCyc=  27905.82
@328 Thread  1
@328 	internal: cur=5024376, tot=5024376, perCyc=  15318.22
@328 	external: cur=4339854, tot=4339854, perCyc=  13231.26
@328 Thread  2
@328 	internal: cur=2016936, tot=2016936, perCyc=   6149.20
@328 	external: cur=1646154, tot=1646154, perCyc=   5018.76
@328 Thread  3
@328 	internal: cur=6286194, tot=6286194, perCyc=  19165.23
@328 	external: cur=6079248, tot=6079248, perCyc=  18534.29
@328 Thread  4
@328 	internal: cur=1671552, tot=1671552, perCyc=   5096.20
@328 	external: cur=1471482, tot=1471482, perCyc=   4486.23
@328 Simulation used 0.03 real seconds, 0.02 user seconds, 0.01 system seconds, and ran at 10530.06 cyc/sec 221131.33 tile-cyc/sec with 5 threads, at 44226.27 tile-cyc/sec/thread , 94770.57 activetile-cyc/sec and  18954.11 activetile-cyc/sec/thread is. Initialization took 2.11 sec.
@328 CTF Stats: num_stalls_       =          136
@328 CTF Stats: num_wavelets      =           10
@328 CTF Stats: num_inst_dispatch =          316
@328 CTF Stats: num_inst_pipe     =          636
@328 CTF Stats: num_switch_pos    =            0
@0 GITREV=6fa1d2e77d85620a5a65599a2cbed8a986df5378, GITCLEAN=1
@0 Create from size nx=3 ny=3
@0 dimX=3, dimY=3
@0 Invocation key is: simCE2AB1048FAC04F2D5B6CC6A2C4CCCB2
@0 Plan key is: plan812E72DC90B126745E4C4317EE299AEB
@0 SimTraceCtf, flags:  wavelets=0 landing=1 inst=1 switch_positions=0 stalls=1
@0 Architecture is: FYN
@0 Simtile is: hwtile
@328 No data movement in the last 50 cycles; stopping.
@328 Thread  0
@328 	internal: cur=4958802, tot=4958802, perCyc=  15118.30
@328 	external: cur=4337226, tot=4337226, perCyc=  13223.25
@328 Thread  1
@328 	internal: cur=4804704, tot=4804704, perCyc=  14648.49
@328 	external: cur=4125564, tot=4125564, perCyc=  12577.94
@328 Thread  2
@328 	internal: cur=4570560, tot=4570560, perCyc=  13934.63
@328 	external: cur=4063338, tot=4063338, perCyc=  12388.23
@328 Thread  3
@328 	internal: cur=17109612, tot=17109612, perCyc=  52163.45
@328 	external: cur=16417944, tot=16417944, perCyc=  50054.71
@328 Thread  4
@328 	internal: cur=4360734, tot=4360734, perCyc=  13294.92
@328 	external: cur=3884580, tot=3884580, perCyc=  11843.23
@328 Simulation used 0.04 real seconds, 0.02 user seconds, 0.02 system seconds, and ran at 7835.85 cyc/sec 164552.77 tile-cyc/sec with 5 threads, at 32910.55 tile-cyc/sec/thread , 70522.62 activetile-cyc/sec and  14104.52 activetile-cyc/sec/thread is. Initialization took 2.04 sec.
@328 CTF Stats: num_stalls_       =          136
@328 CTF Stats: num_wavelets      =           10
@328 CTF Stats: num_inst_dispatch =          316
@328 CTF Stats: num_inst_pipe     =          636
@328 CTF Stats: num_switch_pos    =            0
@0 GITREV=6fa1d2e77d85620a5a65599a2cbed8a986df5378, GITCLEAN=1
@0 Create from size nx=3 ny=3
@0 dimX=3, dimY=3
@0 Invocation key is: sim5432F3122C057F3888415E81B677FEB5
@0 Plan key is: plan812E72DC90B126745E4C4317EE299AEB
@0 SimTraceCtf, flags:  wavelets=0 landing=1 inst=1 switch_positions=0 stalls=1
@0 Architecture is: FYN
@0 Simtile is: hwtile
@328 No data movement in the last 50 cycles; stopping.
@328 Thread  0
@328 	internal: cur=3050208, tot=3050208, perCyc=   9299.41
@328 	external: cur=2661624, tot=2661624, perCyc=   8114.71
@328 Thread  1
@328 	internal: cur=3047238, tot=3047238, perCyc=   9290.36
@328 	external: cur=2645658, tot=2645658, perCyc=   8066.03
@328 Thread  2
@328 	internal: cur=8057574, tot=8057574, perCyc=  24565.77
@328 	external: cur=7525458, tot=7525458, perCyc=  22943.47
@328 Thread  3
@328 	internal: cur=4322376, tot=4322376, perCyc=  13177.98
@328 	external: cur=3859830, tot=3859830, perCyc=  11767.77
@328 Thread  4
@328 	internal: cur=5740128, tot=5740128, perCyc=  17500.39
@328 	external: cur=5338764, tot=5338764, perCyc=  16276.72
@328 Simulation used 0.03 real seconds, 0.01 user seconds, 0.02 system seconds, and ran at 11367.52 cyc/sec 238717.98 tile-cyc/sec with 5 threads, at 47743.60 tile-cyc/sec/thread , 102307.71 activetile-cyc/sec and  20461.54 activetile-cyc/sec/thread is. Initialization took 2.06 sec.
@328 CTF Stats: num_stalls_       =          136
@328 CTF Stats: num_wavelets      =           10
@328 CTF Stats: num_inst_dispatch =          316
@328 CTF Stats: num_inst_pipe     =          636
@328 CTF Stats: num_switch_pos    =            0
@0 GITREV=6fa1d2e77d85620a5a65599a2cbed8a986df5378, GITCLEAN=1
@0 Create from size nx=3 ny=3
@0 dimX=3, dimY=3
@0 Invocation key is: sim4DE1EBBF3EFFB8A4AB8722562B2A99C3
@0 Plan key is: plan812E72DC90B126745E4C4317EE299AEB
@0 SimTraceCtf, flags:  wavelets=0 landing=1 inst=1 switch_positions=0 stalls=1
@0 Architecture is: FYN
@0 Simtile is: hwtile
@328 No data movement in the last 50 cycles; stopping.
@328 Thread  0
@328 	internal: cur=4736682, tot=4736682, perCyc=  14441.10
@328 	external: cur=4140900, tot=4140900, perCyc=  12624.70
@328 Thread  1
@328 	internal: cur=3878370, tot=3878370, perCyc=  11824.30
@328 	external: cur=3342924, tot=3342924, perCyc=  10191.84
@328 Thread  2
@328 	internal: cur=4700700, tot=4700700, perCyc=  14331.40
@328 	external: cur=4305690, tot=4305690, perCyc=  13127.10
@328 Thread  3
@328 	internal: cur=8218512, tot=8218512, perCyc=  25056.44
@328 	external: cur=7657452, tot=7657452, perCyc=  23345.89
@328 Thread  4
@328 	internal: cur=2964690, tot=2964690, perCyc=   9038.69
@328 	external: cur=2590002, tot=2590002, perCyc=   7896.35
@328 Simulation used 0.04 real seconds, 0.01 user seconds, 0.02 system seconds, and ran at 8414.98 cyc/sec 176714.62 tile-cyc/sec with 5 threads, at 35342.92 tile-cyc/sec/thread , 75734.84 activetile-cyc/sec and  15146.97 activetile-cyc/sec/thread is. Initialization took 2.09 sec.
@328 CTF Stats: num_stalls_       =          136
@328 CTF Stats: num_wavelets      =           10
@328 CTF Stats: num_inst_dispatch =          316
@328 CTF Stats: num_inst_pipe     =          636
@328 CTF Stats: num_switch_pos    =            0
@0 GITREV=6fa1d2e77d85620a5a65599a2cbed8a986df5378, GITCLEAN=1
@0 Create from size nx=3 ny=3
@0 dimX=3, dimY=3
@0 Invocation key is: sim9DBC115ADB44874772FAF7ADA6132D0D
@0 Plan key is: plan812E72DC90B126745E4C4317EE299AEB
@0 SimTraceCtf, flags:  wavelets=0 landing=1 inst=1 switch_positions=0 stalls=1
@0 Architecture is: FYN
@0 Simtile is: hwtile
@328 No data movement in the last 50 cycles; stopping.
@328 Thread  0
@328 	internal: cur=743688, tot=743688, perCyc=   2267.34
@328 	external: cur=649638, tot=649638, perCyc=   1980.60
@328 Thread  1
@328 	internal: cur=2679444, tot=2679444, perCyc=   8169.04
@328 	external: cur=2260854, tot=2260854, perCyc=   6892.85
@328 Thread  2
@328 	internal: cur=1922004, tot=1922004, perCyc=   5859.77
@328 	external: cur=1651248, tot=1651248, perCyc=   5034.29
@328 Thread  3
@328 	internal: cur=1238526, tot=1238526, perCyc=   3775.99
@328 	external: cur=1081944, tot=1081944, perCyc=   3298.61
@328 Thread  4
@328 	internal: cur=17373312, tot=17373312, perCyc=  52967.41
@328 	external: cur=16474554, tot=16474554, perCyc=  50227.30
@328 Simulation used 0.02 real seconds, 0.02 user seconds, 0.01 system seconds, and ran at 14085.80 cyc/sec 295801.76 tile-cyc/sec with 5 threads, at 59160.35 tile-cyc/sec/thread , 126772.18 activetile-cyc/sec and  25354.44 activetile-cyc/sec/thread is. Initialization took 2.11 sec.
@328 CTF Stats: num_stalls_       =          136
@328 CTF Stats: num_wavelets      =           10
@328 CTF Stats: num_inst_dispatch =          316
@328 CTF Stats: num_inst_pipe     =          636
@328 CTF Stats: num_switch_pos    =            0
@0 GITREV=6fa1d2e77d85620a5a65599a2cbed8a986df5378, GITCLEAN=1
@0 Create from size nx=3 ny=3
@0 dimX=3, dimY=3
@0 Invocation key is: sim73B2654C5F9979792984112463F482CA
@0 Plan key is: plan812E72DC90B126745E4C4317EE299AEB
@0 SimTraceCtf, flags:  wavelets=0 landing=1 inst=1 switch_positions=0 stalls=1
@0 Architecture is: FYN
@0 Simtile is: hwtile
@328 No data movement in the last 50 cycles; stopping.
@328 Thread  0
@328 	internal: cur=3743298, tot=3743298, perCyc=  11412.49
@328 	external: cur=3279672, tot=3279672, perCyc=   9999.00
@328 Thread  1
@328 	internal: cur=10198026, tot=10198026, perCyc=  31091.54
@328 	external: cur=9748980, tot=9748980, perCyc=  29722.50
@328 Thread  2
@328 	internal: cur=3543678, tot=3543678, perCyc=  10803.90
@328 	external: cur=3131748, tot=3131748, perCyc=   9548.01
@328 Thread  3
@328 	internal: cur=3773520, tot=3773520, perCyc=  11504.63
@328 	external: cur=3323628, tot=3323628, perCyc=  10133.01
@328 Thread  4
@328 	internal: cur=3922542, tot=3922542, perCyc=  11958.97
@328 	external: cur=3417966, tot=3417966, perCyc=  10420.63
@328 Simulation used 0.03 real seconds, 0.02 user seconds, 0.01 system seconds, and ran at 13055.33 cyc/sec 274161.97 tile-cyc/sec with 5 threads, at 54832.39 tile-cyc/sec/thread , 117497.99 activetile-cyc/sec and  23499.60 activetile-cyc/sec/thread is. Initialization took 2.12 sec.
@328 CTF Stats: num_stalls_       =          136
@328 CTF Stats: num_wavelets      =           10
@328 CTF Stats: num_inst_dispatch =          316
@328 CTF Stats: num_inst_pipe     =          636
@328 CTF Stats: num_switch_pos    =            0
@0 GITREV=6fa1d2e77d85620a5a65599a2cbed8a986df5378, GITCLEAN=1
@0 Create from size nx=3 ny=3
@0 dimX=3, dimY=3
@0 Invocation key is: sim1B6E10FF51F2EC92DFDA52B075F420C3
@0 Plan key is: plan812E72DC90B126745E4C4317EE299AEB
@0 SimTraceCtf, flags:  wavelets=0 landing=1 inst=1 switch_positions=0 stalls=1
@0 Architecture is: FYN
@0 Simtile is: hwtile
@328 No data movement in the last 50 cycles; stopping.
@328 Thread  0
@328 	internal: cur=6545484, tot=6545484, perCyc=  19955.74
@328 	external: cur=5687370, tot=5687370, perCyc=  17339.54
@328 Thread  1
@328 	internal: cur=2151864, tot=2151864, perCyc=   6560.56
@328 	external: cur=1796958, tot=1796958, perCyc=   5478.53
@328 Thread  2
@328 	internal: cur=1861848, tot=1861848, perCyc=   5676.37
@328 	external: cur=1600362, tot=1600362, perCyc=   4879.15
@328 Thread  3
@328 	internal: cur=5440788, tot=5440788, perCyc=  16587.77
@328 	external: cur=5014764, tot=5014764, perCyc=  15288.91
@328 Thread  4
@328 	internal: cur=6703128, tot=6703128, perCyc=  20436.37
@328 	external: cur=6376698, tot=6376698, perCyc=  19441.15
@328 Simulation used 0.02 real seconds, 0.02 user seconds, 0.01 system seconds, and ran at 16366.46 cyc/sec 343695.61 tile-cyc/sec with 5 threads, at 68739.12 tile-cyc/sec/thread , 147298.12 activetile-cyc/sec and  29459.62 activetile-cyc/sec/thread is. Initialization took 1.97 sec.
@328 CTF Stats: num_stalls_       =          136
@328 CTF Stats: num_wavelets      =           10
@328 CTF Stats: num_inst_dispatch =          316
@328 CTF Stats: num_inst_pipe     =          636
@328 CTF Stats: num_switch_pos    =            0
@0 GITREV=6fa1d2e77d85620a5a65599a2cbed8a986df5378, GITCLEAN=1
@0 Create from size nx=3 ny=3
@0 dimX=3, dimY=3
@0 Invocation key is: sim7BE244BE55BDFD5B29AB87F48C81ACA9
@0 Plan key is: plan812E72DC90B126745E4C4317EE299AEB
@0 SimTraceCtf, flags:  wavelets=0 landing=1 inst=1 switch_positions=0 stalls=1
@0 Architecture is: FYN
@0 Simtile is: hwtile
@367 No data movement in the last 50 cycles; stopping.
@367 Thread  0
@367 	internal: cur=5313294, tot=5313294, perCyc=  14477.64
@367 	external: cur=4750128, tot=4750128, perCyc=  12943.13
@367 Thread  1
@367 	internal: cur=8439732, tot=8439732, perCyc=  22996.54
@367 	external: cur=7538526, tot=7538526, perCyc=  20540.94
@367 Thread  2
@367 	internal: cur=2777130, tot=2777130, perCyc=   7567.11
@367 	external: cur=2429658, tot=2429658, perCyc=   6620.32
@367 Thread  3
@367 	internal: cur=9834516, tot=9834516, perCyc=  26797.05
@367 	external: cur=9172944, tot=9172944, perCyc=  24994.40
@367 Thread  4
@367 	internal: cur=4617270, tot=4617270, perCyc=  12581.12
@367 	external: cur=4367880, tot=4367880, perCyc=  11901.58
@367 Simulation used 0.03 real seconds, 0.02 user seconds, 0.01 system seconds, and ran at 12317.14 cyc/sec 258659.88 tile-cyc/sec with 5 threads, at 51731.98 tile-cyc/sec/thread , 110854.23 activetile-cyc/sec and  22170.85 activetile-cyc/sec/thread is. Initialization took 1.93 sec.
@367 CTF Stats: num_stalls_       =          136
@367 CTF Stats: num_wavelets      =           10
@367 CTF Stats: num_inst_dispatch =          447
@367 CTF Stats: num_inst_pipe     =          897
@367 CTF Stats: num_switch_pos    =            0
@0 GITREV=6fa1d2e77d85620a5a65599a2cbed8a986df5378, GITCLEAN=1
@0 Create from size nx=3 ny=3
@0 dimX=3, dimY=3
@0 Invocation key is: simC54B8369D0F30A3F0FCA7646CFD9DC3D
@0 Plan key is: plan812E72DC90B126745E4C4317EE299AEB
@0 SimTraceCtf, flags:  wavelets=0 landing=1 inst=1 switch_positions=0 stalls=1
@0 Architecture is: FYN
@0 Simtile is: hwtile
@367 No data movement in the last 50 cycles; stopping.
@367 Thread  0
@367 	internal: cur=2541132, tot=2541132, perCyc=   6924.07
@367 	external: cur=2175732, tot=2175732, perCyc=   5928.43
@367 Thread  1
@367 	internal: cur=4178142, tot=4178142, perCyc=  11384.58
@367 	external: cur=3745890, tot=3745890, perCyc=  10206.78
@367 Thread  2
@367 	internal: cur=20257560, tot=20257560, perCyc=  55197.71
@367 	external: cur=19581012, tot=19581012, perCyc=  53354.26
@367 Thread  3
@367 	internal: cur=5256000, tot=5256000, perCyc=  14321.53
@367 	external: cur=4726602, tot=4726602, perCyc=  12879.02
@367 Thread  4
@367 	internal: cur=4137570, tot=4137570, perCyc=  11274.03
@367 	external: cur=3707820, tot=3707820, perCyc=  10103.05
@367 Simulation used 0.03 real seconds, 0.01 user seconds, 0.02 system seconds, and ran at 12117.40 cyc/sec 254465.38 tile-cyc/sec with 5 threads, at 50893.08 tile-cyc/sec/thread , 109056.59 activetile-cyc/sec and  21811.32 activetile-cyc/sec/thread is. Initialization took 1.94 sec.
@367 CTF Stats: num_stalls_       =          136
@367 CTF Stats: num_wavelets      =           10
@367 CTF Stats: num_inst_dispatch =          447
@367 CTF Stats: num_inst_pipe     =          897
@367 CTF Stats: num_switch_pos    =            0
@0 GITREV=6fa1d2e77d85620a5a65599a2cbed8a986df5378, GITCLEAN=1
@0 Create from size nx=3 ny=3
@0 dimX=3, dimY=3
@0 Invocation key is: sim0114744A532DCF103AC58A49C453F1E4
@0 Plan key is: plan812E72DC90B126745E4C4317EE299AEB
@0 SimTraceCtf, flags:  wavelets=0 landing=1 inst=1 switch_positions=0 stalls=1
@0 Architecture is: FYN
@0 Simtile is: hwtile
@368 No data movement in the last 50 cycles; stopping.
@368 Thread  0
@368 	internal: cur=8956242, tot=8956242, perCyc=  24337.61
@368 	external: cur=8582850, tot=8582850, perCyc=  23322.96
@368 Thread  1
@368 	internal: cur=3988800, tot=3988800, perCyc=  10839.13
@368 	external: cur=3523446, tot=3523446, perCyc=   9574.58
@368 Thread  2
@368 	internal: cur=3004920, tot=3004920, perCyc=   8165.54
@368 	external: cur=2643264, tot=2643264, perCyc=   7182.78
@368 Thread  3
@368 	internal: cur=6738264, tot=6738264, perCyc=  18310.50
@368 	external: cur=6131214, tot=6131214, perCyc=  16660.91
@368 Thread  4
@368 	internal: cur=4067064, tot=4067064, perCyc=  11051.80
@368 	external: cur=3610224, tot=3610224, perCyc=   9810.39
@368 Simulation used 0.02 real seconds, 0.01 user seconds, 0.02 system seconds, and ran at 15757.44 cyc/sec 330906.15 tile-cyc/sec with 5 threads, at 66181.23 tile-cyc/sec/thread , 141816.92 activetile-cyc/sec and  28363.38 activetile-cyc/sec/thread is. Initialization took 1.95 sec.
@368 CTF Stats: num_stalls_       =          136
@368 CTF Stats: num_wavelets      =           10
@368 CTF Stats: num_inst_dispatch =          447
@368 CTF Stats: num_inst_pipe     =          897
@368 CTF Stats: num_switch_pos    =            0
@0 GITREV=6fa1d2e77d85620a5a65599a2cbed8a986df5378, GITCLEAN=1
@0 Create from size nx=6 ny=3
@0 dimX=6, dimY=3
@0 Invocation key is: simD2B421E0A639EF0BD15307B4F06E02AE
@0 Plan key is: planE11E434D4248310B77CA73DA913DA1B3
@0 SimTraceCtf, flags:  wavelets=0 landing=1 inst=1 switch_positions=0 stalls=1
@0 Architecture is: FYN
@0 Simtile is: hwtile
@436 No data movement in the last 50 cycles; stopping.
@436 Thread  0
@436 	internal: cur=9195732, tot=9195732, perCyc=  21091.13
@436 	external: cur=8150112, tot=8150112, perCyc=  18692.92
@436 Thread  1
@436 	internal: cur=10175364, tot=10175364, perCyc=  23337.99
@436 	external: cur=9488088, tot=9488088, perCyc=  21761.67
@436 Thread  2
@436 	internal: cur=6561846, tot=6561846, perCyc=  15050.11
@436 	external: cur=5692194, tot=5692194, perCyc=  13055.49
@436 Thread  3
@436 	internal: cur=9352548, tot=9352548, perCyc=  21450.80
@436 	external: cur=8558136, tot=8558136, perCyc=  19628.75
@436 Thread  4
@436 	internal: cur=13731372, tot=13731372, perCyc=  31493.97
@436 	external: cur=12258864, tot=12258864, perCyc=  28116.66
@436 Simulation used 0.03 real seconds, 0.03 user seconds, 0.01 system seconds, and ran at 12766.89 cyc/sec 459608.04 tile-cyc/sec with 5 threads, at 91921.61 tile-cyc/sec/thread , 229804.02 activetile-cyc/sec and  45960.80 activetile-cyc/sec/thread is. Initialization took 1.95 sec.
@436 CTF Stats: num_stalls_       =          875
@436 CTF Stats: num_wavelets      =           26
@436 CTF Stats: num_inst_dispatch =          915
@436 CTF Stats: num_inst_pipe     =         1843
@436 CTF Stats: num_switch_pos    =            0
@0 GITREV=6fa1d2e77d85620a5a65599a2cbed8a986df5378, GITCLEAN=1
@0 Create from size nx=6 ny=3
@0 dimX=6, dimY=3
@0 Invocation key is: sim46740D0E003B8123F68369971F42370C
@0 Plan key is: planE11E434D4248310B77CA73DA913DA1B3
@0 SimTraceCtf, flags:  wavelets=0 landing=1 inst=1 switch_positions=0 stalls=1
@0 Architecture is: FYN
@0 Simtile is: hwtile
@192 No data movement in the last 50 cycles; stopping.
@192 Thread  0
@192 	internal: cur=8713656, tot=8713656, perCyc=  45383.62
@192 	external: cur=7663428, tot=7663428, perCyc=  39913.69
@192 Thread  1
@192 	internal: cur=10438326, tot=10438326, perCyc=  54366.28
@192 	external: cur=9990612, tot=9990612, perCyc=  52034.44
@192 Thread  2
@192 	internal: cur=3088692, tot=3088692, perCyc=  16086.94
@192 	external: cur=2791638, tot=2791638, perCyc=  14539.78
@192 Thread  3
@192 	internal: cur=6781680, tot=6781680, perCyc=  35321.25
@192 	external: cur=6371532, tot=6371532, perCyc=  33185.06
@192 Thread  4
@192 	internal: cur=6023430, tot=6023430, perCyc=  31372.03
@192 	external: cur=5363820, tot=5363820, perCyc=  27936.56
@0 GITREV=6fa1d2e77d85620a5a65599a2cbed8a986df5378, GITCLEAN=1
@0 Create from size nx=6 ny=3
@0 dimX=6, dimY=3
@0 Invocation key is: sim4C2EA6B7D9BCACB8BE1FF1B537352A12
@0 Plan key is: planE11E434D4248310B77CA73DA913DA1B3
@0 SimTraceCtf, flags:  wavelets=0 landing=1 inst=1 switch_positions=0 stalls=1
@0 Architecture is: FYN
@0 Simtile is: hwtile
@476 No data movement in the last 50 cycles; stopping.
@476 Thread  0
@476 	internal: cur=10181268, tot=10181268, perCyc=  21389.22
@476 	external: cur=9393102, tot=9393102, perCyc=  19733.41
@476 Thread  1
@476 	internal: cur=10097532, tot=10097532, perCyc=  21213.30
@476 	external: cur=9387540, tot=9387540, perCyc=  19721.72
@476 Thread  2
@476 	internal: cur=10997190, tot=10997190, perCyc=  23103.34
@476 	external: cur=10115910, tot=10115910, perCyc=  21251.91
@476 Thread  3
@476 	internal: cur=12233358, tot=12233358, perCyc=  25700.33
@476 	external: cur=11065194, tot=11065194, perCyc=  23246.21
@476 Thread  4
@476 	internal: cur=9731286, tot=9731286, perCyc=  20443.88
@476 	external: cur=8808552, tot=8808552, perCyc=  18505.36
@476 Simulation used 0.04 real seconds, 0.04 user seconds, 0.01 system seconds, and ran at 12355.35 cyc/sec 444792.61 tile-cyc/sec with 5 threads, at 88958.52 tile-cyc/sec/thread , 222396.31 activetile-cyc/sec and  44479.26 activetile-cyc/sec/thread is. Initialization took 1.45 sec.
@476 CTF Stats: num_stalls_       =          995
@476 CTF Stats: num_wavelets      =           26
@476 CTF Stats: num_inst_dispatch =         1439
@476 CTF Stats: num_inst_pipe     =         2887
@476 CTF Stats: num_switch_pos    =            0
@0 GITREV=6fa1d2e77d85620a5a65599a2cbed8a986df5378, GITCLEAN=1
@0 Create from size nx=6 ny=3
@0 dimX=6, dimY=3
@0 Invocation key is: sim9EF3A7D16214E71212B576CADF42CDC8
@0 Plan key is: planE11E434D4248310B77CA73DA913DA1B3
@0 SimTraceCtf, flags:  wavelets=0 landing=1 inst=1 switch_positions=0 stalls=1
@0 Architecture is: FYN
@0 Simtile is: hwtile
@476 No data movement in the last 50 cycles; stopping.
@476 Thread  0
@476 	internal: cur=16976934, tot=16976934, perCyc=  35665.83
@476 	external: cur=15677640, tot=15677640, perCyc=  32936.22
@476 Thread  1
@476 	internal: cur=17805474, tot=17805474, perCyc=  37406.46
@476 	external: cur=16188642, tot=16188642, perCyc=  34009.75
@476 Thread  2
@476 	internal: cur=9722664, tot=9722664, perCyc=  20425.76
@476 	external: cur=8921412, tot=8921412, perCyc=  18742.46
@476 Thread  3
@476 	internal: cur=12162600, tot=12162600, perCyc=  25551.68
@476 	external: cur=11330316, tot=11330316, perCyc=  23803.18
@476 Thread  4
@476 	internal: cur=8197056, tot=8197056, perCyc=  17220.71
@476 	external: cur=7369776, tot=7369776, perCyc=  15482.72
@476 Simulation used 0.05 real seconds, 0.04 user seconds, 0.02 system seconds, and ran at 9808.35 cyc/sec 353100.43 tile-cyc/sec with 5 threads, at 70620.09 tile-cyc/sec/thread , 176550.22 activetile-cyc/sec and  35310.04 activetile-cyc/sec/thread is. Initialization took 2.01 sec.
@476 CTF Stats: num_stalls_       =          995
@476 CTF Stats: num_wavelets      =           26
@476 CTF Stats: num_inst_dispatch =         1439
@476 CTF Stats: num_inst_pipe     =         2887
@476 CTF Stats: num_switch_pos    =            0
